chr chr1 (249250621 bp)
chr chr2 (243199373 bp)
chr chr3 (198022430 bp)
chr chr4 (191154276 bp)
chr chr5 (180915260 bp)
chr chr6 (171115067 bp)
chr chr7 (159138663 bp)
chr chr8 (146364022 bp)
chr chr9 (141213431 bp)
chr chr10 (135534747 bp)
chr chr11 (135006516 bp)
chr chr12 (133851895 bp)
chr chr13 (115169878 bp)
chr chr14 (107349540 bp)
chr chr15 (102531392 bp)
chr chr16 (90354753 bp)
chr chr17 (81195210 bp)
chr chr18 (78077248 bp)
chr chr19 (59128983 bp)
chr chr20 (63025520 bp)
chr chr21 (48129895 bp)
chr chr22 (51304566 bp)
chr chrX (155270560 bp)
chr chrY (59373566 bp)
chr chrM (16571 bp)

Number of paired-end alignments with a unique best hit:	48335
Mapping efficiency:	89.9%

Sequence pairs with no alignments under any condition:	0
Sequence pairs did not map uniquely:	5445
Sequence pairs which were discarded because genomic sequence could not be extracted:	0

Number of sequence pairs with unique best (first) alignment came from the bowtie output:
CT/GA/CT:	23982	((converted) top strand)
GA/CT/CT:	0	(complementary to (converted) top strand)
GA/CT/GA:	0	(complementary to (converted) bottom strand)
CT/GA/GA:	24353	((converted) bottom strand)

Number of alignments to (merely theoretical) complementary strands being rejected in total:	0

Number of paired-end alignments with a unique best hit:	48305
Mapping efficiency:	89.8%

Sequence pairs with no alignments under any condition:	0
Sequence pairs did not map uniquely:	5476
Sequence pairs which were discarded because genomic sequence could not be extracted:	0

Number of sequence pairs with unique best (first) alignment came from the bowtie output:
CT/GA/CT:	24008	((converted) top strand)
GA/CT/CT:	0	(complementary to (converted) top strand)
GA/CT/GA:	0	(complementary to (converted) bottom strand)
CT/GA/GA:	24297	((converted) bottom strand)

Number of alignments to (merely theoretical) complementary strands being rejected in total:	0

Number of paired-end alignments with a unique best hit:	48286
Mapping efficiency:	89.8%

Sequence pairs with no alignments under any condition:	0
Sequence pairs did not map uniquely:	5495
Sequence pairs which were discarded because genomic sequence could not be extracted:	0

Number of sequence pairs with unique best (first) alignment came from the bowtie output:
CT/GA/CT:	24052	((converted) top strand)
GA/CT/CT:	0	(complementary to (converted) top strand)
GA/CT/GA:	0	(complementary to (converted) bottom strand)
CT/GA/GA:	24234	((converted) bottom strand)

Number of alignments to (merely theoretical) complementary strands being rejected in total:	0

Number of paired-end alignments with a unique best hit:	48317
Mapping efficiency:	89.8%

Sequence pairs with no alignments under any condition:	0
Sequence pairs did not map uniquely:	5463
Sequence pairs which were discarded because genomic sequence could not be extracted:	0

Number of sequence pairs with unique best (first) alignment came from the bowtie output:
CT/GA/CT:	24022	((converted) top strand)
GA/CT/CT:	0	(complementary to (converted) top strand)
GA/CT/GA:	0	(complementary to (converted) bottom strand)
CT/GA/GA:	24295	((converted) bottom strand)

Number of alignments to (merely theoretical) complementary strands being rejected in total:	0

Number of paired-end alignments with a unique best hit:	48331
Mapping efficiency:	89.9%

Sequence pairs with no alignments under any condition:	0
Sequence pairs did not map uniquely:	5449
Sequence pairs which were discarded because genomic sequence could not be extracted:	0

Number of sequence pairs with unique best (first) alignment came from the bowtie output:
CT/GA/CT:	24088	((converted) top strand)
GA/CT/CT:	0	(complementary to (converted) top strand)
GA/CT/GA:	0	(complementary to (converted) bottom strand)
CT/GA/GA:	24243	((converted) bottom strand)

Number of alignments to (merely theoretical) complementary strands being rejected in total:	0

control1.1_val_1.fq.temp.1	control1.2_val_2.fq.temp.1	control1.1_val_1.fq.temp.2	control1.2_val_2.fq.temp.2	control1.1_val_1.fq.temp.3	control1.2_val_2.fq.temp.3	control1.1_val_1.fq.temp.4	control1.2_val_2.fq.temp.4	control1.1_val_1.fq.temp.5	control1.2_val_2.fq.temp.5	

control1.1_val_1.fq.temp.1_bismark_bt2_pe.bam	control1.1_val_1.fq.temp.2_bismark_bt2_pe.bam	control1.1_val_1.fq.temp.3_bismark_bt2_pe.bam	control1.1_val_1.fq.temp.4_bismark_bt2_pe.bam	control1.1_val_1.fq.temp.5_bismark_bt2_pe.bam	

Number of paired-end alignments with a unique best hit:	241574
Mapping efficiency:	89.8%

Sequence pairs with no alignments under any condition:	0
Sequence pairs did not map uniquely:	27328
Sequence pairs which were discarded because genomic sequence could not be extracted:	0

Number of sequence pairs with unique best (first) alignment came from the bowtie output:
CT/GA/CT:	120152	((converted) top strand)
GA/CT/CT:	0	(complementary to (converted) top strand)
GA/CT/GA:	0	(complementary to (converted) bottom strand)
CT/GA/GA:	121422	((converted) bottom strand)

Number of alignments to (merely theoretical) complementary strands being rejected in total:	0

control1.1_val_1.fq.temp.1_bismark_bt2_PE_report.txt	control1.1_val_1.fq.temp.2_bismark_bt2_PE_report.txt	control1.1_val_1.fq.temp.3_bismark_bt2_PE_report.txt	control1.1_val_1.fq.temp.4_bismark_bt2_PE_report.txt	control1.1_val_1.fq.temp.5_bismark_bt2_PE_report.txt	

